<?xml version="1.0" encoding="UTF-8"?>
<!-- Generated by org.testng.reporters.JUnitXMLReporter -->
<testsuite ignored="0" hostname="LAPTOP-6DHJKUJ7" failures="0" tests="4" name="Default test" time="11.319" errors="0" timestamp="2022-06-29T11:53:15 EDT">
  <testcase classname="datadriventest.DataDrivenTestWithExcel" name="loginTest" time="3.184"/>
  <testcase classname="datadriventest.DataDrivenTestWithExcel" name="loginTest" time="1.527"/>
  <testcase classname="datadriventest.DataDrivenTestWithExcel" name="loginTest" time="1.232"/>
  <testcase classname="datadriventest.DataDrivenTestWithExcel" name="loginTest" time="1.229"/>
</testsuite> <!-- Default test -->
